<?xml version="1.0" encoding="UTF-8"?>
<testsuite name="com.example.TodoList.TodoListApplicationTests" tests="1" skipped="0" failures="0" errors="0" timestamp="2024-03-10T19:20:38" hostname="Tetianas-MacBook-Pro.local" time="0.306">
  <properties/>
  <testcase name="contextLoads()" classname="com.example.TodoList.TodoListApplicationTests" time="0.306"/>
  <system-out><![CDATA[21:20:36.435 [Test worker] INFO org.springframework.test.context.support.AnnotationConfigContextLoaderUtils -- Could not detect default configuration classes for test class [com.example.TodoList.TodoListApplicationTests]: TodoListApplicationTests does not declare any static, non-private, non-final, nested classes annotated with @Configuration.
21:20:36.495 [Test worker] INFO org.springframework.boot.test.context.SpringBootTestContextBootstrapper -- Found @SpringBootConfiguration com.example.TodoList.TodoListApplication for test class com.example.TodoList.TodoListApplicationTests

  .   ____          _            __ _ _
 /\\ / ___'_ __ _ _(_)_ __  __ _ \ \ \ \
( ( )\___ | '_ | '_| | '_ \/ _` | \ \ \ \
 \\/  ___)| |_)| | | | | || (_| |  ) ) ) )
  '  |____| .__|_| |_|_| |_\__, | / / / /
 =========|_|==============|___/=/_/_/_/
 :: Spring Boot ::       (v3.2.0-SNAPSHOT)

2024-03-10T21:20:36.663+02:00  INFO 54323 --- [    Test worker] c.e.TodoList.TodoListApplicationTests    : Starting TodoListApplicationTests using Java 17.0.10 with PID 54323 (started by tetianaantonova in /Users/tetianaantonova/Documents/Anadea/pet projects/TodoList)
2024-03-10T21:20:36.664+02:00  INFO 54323 --- [    Test worker] c.e.TodoList.TodoListApplicationTests    : No active profile set, falling back to 1 default profile: "default"
2024-03-10T21:20:37.066+02:00  INFO 54323 --- [    Test worker] .s.d.r.c.RepositoryConfigurationDelegate : Bootstrapping Spring Data JPA repositories in DEFAULT mode.
2024-03-10T21:20:37.091+02:00  INFO 54323 --- [    Test worker] .s.d.r.c.RepositoryConfigurationDelegate : Finished Spring Data repository scanning in 21 ms. Found 1 JPA repository interface.
2024-03-10T21:20:37.292+02:00  INFO 54323 --- [    Test worker] com.zaxxer.hikari.HikariDataSource       : HikariPool-1 - Starting...
2024-03-10T21:20:37.410+02:00  INFO 54323 --- [    Test worker] com.zaxxer.hikari.pool.HikariPool        : HikariPool-1 - Added connection org.postgresql.jdbc.PgConnection@2abc55c4
2024-03-10T21:20:37.411+02:00  INFO 54323 --- [    Test worker] com.zaxxer.hikari.HikariDataSource       : HikariPool-1 - Start completed.
2024-03-10T21:20:37.453+02:00  INFO 54323 --- [    Test worker] o.f.c.internal.license.VersionPrinter    : Flyway Community Edition 9.22.3 by Redgate
2024-03-10T21:20:37.453+02:00  INFO 54323 --- [    Test worker] o.f.c.internal.license.VersionPrinter    : See release notes here: https://rd.gt/416ObMi
2024-03-10T21:20:37.454+02:00  INFO 54323 --- [    Test worker] o.f.c.internal.license.VersionPrinter    : 
2024-03-10T21:20:37.461+02:00  INFO 54323 --- [    Test worker] org.flywaydb.core.FlywayExecutor         : Database: jdbc:postgresql://localhost:5432/todo_list (PostgreSQL 13.8)
2024-03-10T21:20:37.494+02:00  INFO 54323 --- [    Test worker] o.f.core.internal.command.DbValidate     : Successfully validated 1 migration (execution time 00:00.018s)
2024-03-10T21:20:37.530+02:00  INFO 54323 --- [    Test worker] o.f.core.internal.command.DbMigrate      : Current version of schema "public": 001
2024-03-10T21:20:37.532+02:00  INFO 54323 --- [    Test worker] o.f.core.internal.command.DbMigrate      : Schema "public" is up to date. No migration necessary.
2024-03-10T21:20:37.592+02:00  INFO 54323 --- [    Test worker] o.hibernate.jpa.internal.util.LogHelper  : HHH000204: Processing PersistenceUnitInfo [name: default]
2024-03-10T21:20:37.619+02:00  INFO 54323 --- [    Test worker] org.hibernate.Version                    : HHH000412: Hibernate ORM core version 6.3.1.Final
2024-03-10T21:20:37.636+02:00  INFO 54323 --- [    Test worker] o.h.c.internal.RegionFactoryInitiator    : HHH000026: Second-level cache disabled
2024-03-10T21:20:37.747+02:00  INFO 54323 --- [    Test worker] o.s.o.j.p.SpringPersistenceUnitInfo      : No LoadTimeWeaver setup: ignoring JPA class transformer
2024-03-10T21:20:38.122+02:00  INFO 54323 --- [    Test worker] o.h.e.t.j.p.i.JtaPlatformInitiator       : HHH000489: No JTA platform available (set 'hibernate.transaction.jta.platform' to enable JTA platform integration)
2024-03-10T21:20:38.123+02:00  INFO 54323 --- [    Test worker] j.LocalContainerEntityManagerFactoryBean : Initialized JPA EntityManagerFactory for persistence unit 'default'
2024-03-10T21:20:38.357+02:00  WARN 54323 --- [    Test worker] JpaBaseConfiguration$JpaWebConfiguration : spring.jpa.open-in-view is enabled by default. Therefore, database queries may be performed during view rendering. Explicitly configure spring.jpa.open-in-view to disable this warning
2024-03-10T21:20:38.616+02:00  INFO 54323 --- [    Test worker] o.s.s.config.TaskSchedulerRouter         : No TaskScheduler/ScheduledExecutorService bean found for scheduled processing
2024-03-10T21:20:38.619+02:00  INFO 54323 --- [    Test worker] c.e.TodoList.TodoListApplicationTests    : Started TodoListApplicationTests in 2.06 seconds (process running for 2.576)
]]></system-out>
  <system-err><![CDATA[]]></system-err>
</testsuite>
